<?xml version="1.0" encoding="UTF-8"?>
<testng-results total="7" passed="7" failed="0" skipped="0">
  <reporter-output>
  </reporter-output>
  <suite started-at="2024-10-09T10:09:38Z" name="Test Suite for Buildout" finished-at="2024-10-09T10:11:07Z" duration-ms="88285">
    <groups>
    </groups>
    <test started-at="2024-10-09T10:09:38Z" name="Test Cases for Buildout" finished-at="2024-10-09T10:11:07Z" duration-ms="88285">
      <class name="demo.TestCases">
        <test-method is-config="true" signature="startBrowser()[pri:0, instance:demo.TestCases@63fdab07]" started-at="2024-10-09T15:39:38Z" name="startBrowser" finished-at="2024-10-09T15:39:41Z" duration-ms="2742" status="PASS">
          <reporter-output>
          </reporter-output>
        </test-method> <!-- startBrowser -->
        <test-method signature="testCase01()[pri:0, instance:demo.TestCases@63fdab07]" started-at="2024-10-09T15:39:41Z" name="testCase01" finished-at="2024-10-09T15:39:48Z" duration-ms="6344" status="PASS">
          <reporter-output>
          </reporter-output>
        </test-method> <!-- testCase01 -->
        <test-method signature="testCase02()[pri:0, instance:demo.TestCases@63fdab07]" started-at="2024-10-09T15:39:48Z" name="testCase02" finished-at="2024-10-09T15:40:04Z" duration-ms="16476" status="PASS">
          <reporter-output>
          </reporter-output>
        </test-method> <!-- testCase02 -->
        <test-method signature="testCase03()[pri:0, instance:demo.TestCases@63fdab07]" started-at="2024-10-09T15:40:04Z" name="testCase03" finished-at="2024-10-09T15:40:22Z" duration-ms="18366" status="PASS">
          <reporter-output>
          </reporter-output>
        </test-method> <!-- testCase03 -->
        <test-method signature="testCase04()[pri:0, instance:demo.TestCases@63fdab07]" started-at="2024-10-09T15:40:22Z" name="testCase04" finished-at="2024-10-09T15:40:35Z" duration-ms="12323" status="PASS">
          <reporter-output>
          </reporter-output>
        </test-method> <!-- testCase04 -->
        <test-method signature="testCase05(java.lang.String)[pri:0, instance:demo.TestCases@63fdab07]" started-at="2024-10-09T15:40:35Z" name="testCase05" data-provider="excelData" finished-at="2024-10-09T15:40:45Z" duration-ms="9205" status="PASS">
          <params>
            <param index="0">
              <value>
                <![CDATA[Movies]]>
              </value>
            </param>
          </params>
          <reporter-output>
          </reporter-output>
        </test-method> <!-- testCase05 -->
        <test-method signature="testCase05(java.lang.String)[pri:0, instance:demo.TestCases@63fdab07]" started-at="2024-10-09T15:40:45Z" name="testCase05" data-provider="excelData" finished-at="2024-10-09T15:40:55Z" duration-ms="10072" status="PASS">
          <params>
            <param index="0">
              <value>
                <![CDATA[Music]]>
              </value>
            </param>
          </params>
          <reporter-output>
          </reporter-output>
        </test-method> <!-- testCase05 -->
        <test-method signature="testCase05(java.lang.String)[pri:0, instance:demo.TestCases@63fdab07]" started-at="2024-10-09T15:40:55Z" name="testCase05" data-provider="excelData" finished-at="2024-10-09T15:41:06Z" duration-ms="10903" status="PASS">
          <params>
            <param index="0">
              <value>
                <![CDATA[Games]]>
              </value>
            </param>
          </params>
          <reporter-output>
          </reporter-output>
        </test-method> <!-- testCase05 -->
        <test-method is-config="true" signature="endTest()[pri:0, instance:demo.TestCases@63fdab07]" started-at="2024-10-09T15:41:06Z" name="endTest" finished-at="2024-10-09T15:41:07Z" duration-ms="1176" status="PASS">
          <reporter-output>
          </reporter-output>
        </test-method> <!-- endTest -->
      </class> <!-- demo.TestCases -->
    </test> <!-- Test Cases for Buildout -->
  </suite> <!-- Test Suite for Buildout -->
</testng-results>
